<?xml version="1.0" encoding="UTF-8"?>
<robot generator="Robot 6.1.1 (Python 3.12.3 on win32)" generated="20250327 01:02:14.500" rpa="false" schemaversion="4">
<suite id="s1" name="Homepage" source="d:\balto\Test\homepage.robot">
<kw name="Configure selenium" library="init" type="SETUP">
<kw name="Set Selenium Speed" library="SeleniumLibrary">
<arg>${seleniumSpeed}</arg>
<doc>Sets the delay that is waited after each Selenium command.</doc>
<status status="PASS" starttime="20250327 01:02:14.658" endtime="20250327 01:02:14.659"/>
</kw>
<kw name="Set Selenium Implicit Wait" library="SeleniumLibrary">
<arg>${seleniumWaitSpeed}</arg>
<doc>Sets the implicit wait value used by Selenium.</doc>
<status status="PASS" starttime="20250327 01:02:14.659" endtime="20250327 01:02:14.659"/>
</kw>
<kw name="Set Selenium Timeout" library="SeleniumLibrary">
<arg>${seleniumTimeout}</arg>
<doc>Sets the timeout that is used by various keywords.</doc>
<status status="PASS" starttime="20250327 01:02:14.659" endtime="20250327 01:02:14.660"/>
</kw>
<status status="PASS" starttime="20250327 01:02:14.658" endtime="20250327 01:02:14.660"/>
</kw>
<test id="s1-t1" name="User able to open supplement page" line="10">
<kw name="Open browers and go to balto.fr" library="init" type="SETUP">
<kw name="Open Browser" library="SeleniumLibrary">
<arg>${baseUrlFr}</arg>
<arg>${browser}</arg>
<doc>Opens a new browser instance to the optional ``url``.</doc>
<msg timestamp="20250327 01:02:14.661" level="INFO">Opening browser 'CHROME' to base url 'https://www.balto.fr/'.</msg>
<status status="PASS" starttime="20250327 01:02:14.661" endtime="20250327 01:02:20.784"/>
</kw>
<kw name="Maximize Browser Window" library="SeleniumLibrary">
<doc>Maximizes current browser window.</doc>
<status status="PASS" starttime="20250327 01:02:20.784" endtime="20250327 01:02:21.123"/>
</kw>
<status status="PASS" starttime="20250327 01:02:14.660" endtime="20250327 01:02:21.123"/>
</kw>
<kw name="Given user in homepage fr" library="homepage">
<kw name="Element Should Be Visible" library="SeleniumLibrary">
<arg>${complements}</arg>
<doc>Verifies that the element identified by ``locator`` is visible.</doc>
<msg timestamp="20250327 01:02:21.761" level="INFO">Element '(//li[@class='jsx-b262b3ddd52cf96a'])[1]' is displayed.</msg>
<status status="PASS" starttime="20250327 01:02:21.124" endtime="20250327 01:02:21.761"/>
</kw>
<status status="PASS" starttime="20250327 01:02:21.124" endtime="20250327 01:02:21.761"/>
</kw>
<kw name="When user go to articulation" library="homepage">
<kw name="Mouse Over" library="SeleniumLibrary">
<arg>${complements}</arg>
<doc>Simulates hovering the mouse over the element ``locator``.</doc>
<msg timestamp="20250327 01:02:21.763" level="INFO">Simulating Mouse Over on element '(//li[@class='jsx-b262b3ddd52cf96a'])[1]'.</msg>
<status status="PASS" starttime="20250327 01:02:21.763" endtime="20250327 01:02:22.746"/>
</kw>
<kw name="Click Element" library="SeleniumLibrary">
<arg>${articulation}</arg>
<doc>Click the element identified by ``locator``.</doc>
<msg timestamp="20250327 01:02:22.747" level="INFO">Clicking element '(//img[@alt='Product'])[1]'.</msg>
<status status="PASS" starttime="20250327 01:02:22.746" endtime="20250327 01:02:25.168"/>
</kw>
<status status="PASS" starttime="20250327 01:02:21.762" endtime="20250327 01:02:25.168"/>
</kw>
<kw name="Then user in page:" library="homepage">
<arg>products/complement-articulations</arg>
<kw name="Get Location" library="SeleniumLibrary">
<var>${url}</var>
<doc>Returns the current browser window URL.</doc>
<msg timestamp="20250327 01:02:25.476" level="INFO">${url} = https://www.balto.fr/products/complement-articulations</msg>
<status status="PASS" starttime="20250327 01:02:25.169" endtime="20250327 01:02:25.476"/>
</kw>
<kw name="Should Be Equal" library="BuiltIn">
<arg>${url}</arg>
<arg>${baseUrlFr}${path}</arg>
<doc>Fails if the given objects are unequal.</doc>
<status status="PASS" starttime="20250327 01:02:25.476" endtime="20250327 01:02:25.476"/>
</kw>
<status status="PASS" starttime="20250327 01:02:25.168" endtime="20250327 01:02:25.477"/>
</kw>
<status status="PASS" starttime="20250327 01:02:14.660" endtime="20250327 01:02:25.477"/>
</test>
<kw name="Exit Selenium" library="init" type="TEARDOWN">
<kw name="Close All Browsers" library="SeleniumLibrary">
<doc>Closes all open browsers and resets the browser cache.</doc>
<status status="PASS" starttime="20250327 01:02:25.479" endtime="20250327 01:02:27.895"/>
</kw>
<status status="PASS" starttime="20250327 01:02:25.479" endtime="20250327 01:02:27.895"/>
</kw>
<status status="PASS" starttime="20250327 01:02:14.504" endtime="20250327 01:02:27.896"/>
</suite>
<statistics>
<total>
<stat pass="1" fail="0" skip="0">All Tests</stat>
</total>
<tag>
</tag>
<suite>
<stat pass="1" fail="0" skip="0" id="s1" name="Homepage">Homepage</stat>
</suite>
</statistics>
<errors>
</errors>
</robot>
